<?xml version="1.0" encoding="UTF-8"?>
<!-- Generated by org.testng.reporters.JUnitReportReporter -->
<testsuite skipped="0" hostname="Radia" name="Com.peopeTech.siamFramework.MyScreenShotPract" tests="1" failures="0" timestamp="2021-06-29T06:35:18 EDT" time="13.529" errors="0">
  <testcase name="parentsClick" time="13.529" classname="Com.peopeTech.siamFramework.MyScreenShotPract"/>
  <system-out/>
</testsuite> <!-- Com.peopeTech.siamFramework.MyScreenShotPract -->
