<?xml version="1.0" encoding="UTF-8"?>
<!-- Generated by org.testng.reporters.JUnitReportReporter -->
<testsuite skipped="0" hostname="Radia" name="Com.peopeTech.siamFramework.Usability" tests="1" failures="0" timestamp="2021-07-13T06:54:07 EDT" time="11.740" errors="0">
  <testcase name="beforeMethod" time="11.740" classname="Com.peopeTech.siamFramework.Usability"/>
  <system-out/>
</testsuite> <!-- Com.peopeTech.siamFramework.Usability -->
