<?xml version="1.0" encoding="UTF-8"?>
<!-- Generated by org.testng.reporters.JUnitReportReporter -->
<testsuite skipped="0" hostname="Radia" name="extentReportYoitube.DataProFacebk" tests="1" failures="0" timestamp="2021-07-25T19:24:01 EDT" time="30.256" errors="0">
  <testcase name="fillHomePage" time="30.256" classname="extentReportYoitube.DataProFacebk"/>
  <system-out/>
</testsuite> <!-- extentReportYoitube.DataProFacebk -->
